生成启动时间为 2018/4/14 13:18:36。
     1>项目“F:\C++Project\AI\AI\AI.vcxproj”在节点 2 上(Build 个目标)。
     1>ClCompile:
         D:\VisualStudio2013\VC\bin\CL.exe /c /ZI /nologo /W3 /WX- /sdl /Od /Oy- /D WIN32 /D _DEBUG /D _CONSOLE /D _LIB /D _UNICODE /D UNICODE /Gm /EHsc /RTC1 /MDd /GS /fp:precise /Zc:wchar_t /Zc:forScope /Fo"Debug\\" /Fd"Debug\vc120.pdb" /Gd /TP /analyze- /errorReport:prompt boot.cpp brain.cpp ear.cpp lili.cpp mouth.cpp
         mouth.cpp
         lili.cpp
         ear.cpp
         brain.cpp
         正在生成代码...
         正在跳过...(未检测到相关更改)
         boot.cpp
       Link:
         D:\VisualStudio2013\VC\bin\link.exe /ERRORREPORT:PROMPT /OUT:"F:\C++Project\AI\Debug\AI.exe" /INCREMENTAL /NOLOGO kernel32.lib user32.lib gdi32.lib winspool.lib comdlg32.lib advapi32.lib shell32.lib ole32.lib oleaut32.lib uuid.lib odbc32.lib odbccp32.lib /MANIFEST /MANIFESTUAC:"level='asInvoker' uiAccess='false'" /manifest:embed /DEBUG /PDB:"F:\C++Project\AI\Debug\AI.pdb" /SUBSYSTEM:CONSOLE /TLBID:1 /DYNAMICBASE /NXCOMPAT /IMPLIB:"F:\C++Project\AI\Debug\AI.lib" /MACHINE:X86 Debug\boot.obj
         Debug\brain.obj
         Debug\ear.obj
         Debug\lili.obj
         Debug\mouth.obj
         AI.vcxproj -> F:\C++Project\AI\Debug\AI.exe
     1>已完成生成项目“F:\C++Project\AI\AI\AI.vcxproj”(Build 个目标)的操作。

生成成功。

已用时间 00:00:02.33
